<?xml version="1.0" encoding="UTF-8"?>
<testsuite xmlns:xsi="http://www.w3.org/2001/XMLSchema-instance" xsi:noNamespaceSchemaLocation="https://maven.apache.org/surefire/maven-surefire-plugin/xsd/surefire-test-report.xsd" version="3.0.2" name="com.AirTic.ClothesProject.ClothesProjectApplicationTests" time="23.763" tests="1" errors="0" skipped="0" failures="0">
  <properties>
[...]
</properties>
  <testcase name="contextLoads" classname="com.AirTic.ClothesProject.ClothesProjectApplicationTests" time="1.171">
    <system-out><![CDATA[21:07:37.746 [main] INFO org.springframework.test.context.support.AnnotationConfigContextLoaderUtils -- Could not detect default configuration classes for test class [com.AirTic.ClothesProject.ClothesProjectApplicationTests]: ClothesProjectApplicationTests does not declare any static, non-private, non-final, nested classes annotated with @Configuration.
21:07:38.338 [main] INFO org.springframework.boot.test.context.SpringBootTestContextBootstrapper -- Found @SpringBootConfiguration com.AirTic.ClothesProject.ClothesProjectApplication for test class com.AirTic.ClothesProject.ClothesProjectApplicationTests
21:07:38.917 [main] INFO org.springframework.boot.devtools.restart.RestartApplicationListener -- Restart disabled due to context in which it is running

  .   ____          _            __ _ _
 /\\ / ___'_ __ _ _(_)_ __  __ _ \ \ \ \
( ( )\___ | '_ | '_| | '_ \/ _` | \ \ \ \
 \\/  ___)| |_)| | | | | || (_| |  ) ) ) )
  '  |____| .__|_| |_|_| |_\__, | / / / /
 =========|_|==============|___/=/_/_/_/

 :: Spring Boot ::                (v3.4.5)

2025-05-19T21:07:39.833-05:00  INFO 10124 --- [           main] c.A.C.ClothesProjectApplicationTests     : Starting ClothesProjectApplicationTests using Java 23.0.2 with PID 10124 (started by linam in C:\SEBAS-2025\septimoSemestre\Topicos de ingeniería de software\Entrega\ProyectoTopicosSoftware\ClothesProject)
2025-05-19T21:07:39.835-05:00  INFO 10124 --- [           main] c.A.C.ClothesProjectApplicationTests     : No active profile set, falling back to 1 default profile: "default"
2025-05-19T21:07:43.701-05:00  INFO 10124 --- [           main] .s.d.r.c.RepositoryConfigurationDelegate : Bootstrapping Spring Data JPA repositories in DEFAULT mode.
2025-05-19T21:07:44.034-05:00  INFO 10124 --- [           main] .s.d.r.c.RepositoryConfigurationDelegate : Finished Spring Data repository scanning in 302 ms. Found 4 JPA repository interfaces.
2025-05-19T21:07:47.500-05:00  INFO 10124 --- [           main] o.hibernate.jpa.internal.util.LogHelper  : HHH000204: Processing PersistenceUnitInfo [name: default]
2025-05-19T21:07:47.651-05:00  INFO 10124 --- [           main] org.hibernate.Version                    : HHH000412: Hibernate ORM core version 6.6.13.Final
2025-05-19T21:07:47.777-05:00  INFO 10124 --- [           main] o.h.c.internal.RegionFactoryInitiator    : HHH000026: Second-level cache disabled
2025-05-19T21:07:48.543-05:00  INFO 10124 --- [           main] o.s.o.j.p.SpringPersistenceUnitInfo      : No LoadTimeWeaver setup: ignoring JPA class transformer
2025-05-19T21:07:48.638-05:00  INFO 10124 --- [           main] com.zaxxer.hikari.HikariDataSource       : HikariPool-1 - Starting...
2025-05-19T21:07:49.741-05:00  INFO 10124 --- [           main] com.zaxxer.hikari.pool.HikariPool        : HikariPool-1 - Added connection com.mysql.cj.jdbc.ConnectionImpl@135064ea
2025-05-19T21:07:49.745-05:00  INFO 10124 --- [           main] com.zaxxer.hikari.HikariDataSource       : HikariPool-1 - Start completed.
2025-05-19T21:07:49.971-05:00  WARN 10124 --- [           main] org.hibernate.orm.deprecation            : HHH90000025: MySQL8Dialect does not need to be specified explicitly using 'hibernate.dialect' (remove the property setting and it will be selected by default)
2025-05-19T21:07:49.975-05:00  WARN 10124 --- [           main] org.hibernate.orm.deprecation            : HHH90000026: MySQL8Dialect has been deprecated; use org.hibernate.dialect.MySQLDialect instead
2025-05-19T21:07:50.101-05:00  INFO 10124 --- [           main] org.hibernate.orm.connections.pooling    : HHH10001005: Database info:
	Database JDBC URL [Connecting through datasource 'HikariDataSource (HikariPool-1)']
	Database driver: undefined/unknown
	Database version: 8.0
	Autocommit mode: undefined/unknown
	Isolation level: undefined/unknown
	Minimum pool size: undefined/unknown
	Maximum pool size: undefined/unknown
2025-05-19T21:07:54.000-05:00  INFO 10124 --- [           main] o.h.e.t.j.p.i.JtaPlatformInitiator       : HHH000489: No JTA platform available (set 'hibernate.transaction.jta.platform' to enable JTA platform integration)
2025-05-19T21:07:54.289-05:00  INFO 10124 --- [           main] j.LocalContainerEntityManagerFactoryBean : Initialized JPA EntityManagerFactory for persistence unit 'default'
2025-05-19T21:07:55.679-05:00  WARN 10124 --- [           main] JpaBaseConfiguration$JpaWebConfiguration : spring.jpa.open-in-view is enabled by default. Therefore, database queries may be performed during view rendering. Explicitly configure spring.jpa.open-in-view to disable this warning
2025-05-19T21:07:55.946-05:00  INFO 10124 --- [           main] r$InitializeUserDetailsManagerConfigurer : Global AuthenticationManager configured with UserDetailsService bean with name customUserDetailsService
2025-05-19T21:07:56.344-05:00  INFO 10124 --- [           main] o.s.b.a.w.s.WelcomePageHandlerMapping    : Adding welcome page template: index
2025-05-19T21:07:57.164-05:00 DEBUG 10124 --- [           main] o.s.s.web.DefaultSecurityFilterChain     : Will secure any request with filters: DisableEncodeUrlFilter, WebAsyncManagerIntegrationFilter, SecurityContextHolderFilter, HeaderWriterFilter, LogoutFilter, UsernamePasswordAuthenticationFilter, RequestCacheAwareFilter, SecurityContextHolderAwareRequestFilter, AnonymousAuthenticationFilter, ExceptionTranslationFilter, AuthorizationFilter
2025-05-19T21:07:58.979-05:00  INFO 10124 --- [           main] c.A.C.ClothesProjectApplicationTests     : Started ClothesProjectApplicationTests in 20.106 seconds (process running for 23.462)
Hibernate: select cc1_0.id,cc1_0.created_at,cc1_0.email,cc1_0.name,cc1_0.password,cc1_0.role,cc1_0.updated_at from customerclients cc1_0 where cc1_0.email=?
Admin user already exists.
]]></system-out>
    <system-err><![CDATA[Mockito is currently self-attaching to enable the inline-mock-maker. This will no longer work in future releases of the JDK. Please add Mockito as an agent to your build what is described in Mockito's documentation: https://javadoc.io/doc/org.mockito/mockito-core/latest/org/mockito/Mockito.html#0.3
WARNING: A Java agent has been loaded dynamically (C:\Users\linam\.m2\repository\net\bytebuddy\byte-buddy-agent\1.15.11\byte-buddy-agent-1.15.11.jar)
WARNING: If a serviceability tool is in use, please run with -XX:+EnableDynamicAgentLoading to hide this warning
WARNING: If a serviceability tool is not in use, please run with -Djdk.instrument.traceUsage for more information
WARNING: Dynamic loading of agents will be disallowed by default in a future release
]]></system-err>
  </testcase>
</testsuite>